<?xml version="1.0" encoding="UTF-8"?>
<testsuite xmlns:xsi="http://www.w3.org/2001/XMLSchema-instance" xsi:noNamespaceSchemaLocation="https://maven.apache.org/surefire/maven-surefire-plugin/xsd/surefire-test-report-3.0.xsd" version="3.0" name="br.com.fiap.postech.service_pedido.service.PedidoServiceImplTest" time="0.088" tests="5" errors="0" skipped="0" failures="0">
  <properties>
[...]
</properties>
  <testcase name="testFindPedidoByIdNotFound" classname="br.com.fiap.postech.service_pedido.service.PedidoServiceImplTest" time="0.01"/>
  <testcase name="testFindAllPedidosSuccess" classname="br.com.fiap.postech.service_pedido.service.PedidoServiceImplTest" time="0.003"/>
  <testcase name="testDeletePedido" classname="br.com.fiap.postech.service_pedido.service.PedidoServiceImplTest" time="0.0"/>
  <testcase name="testFindPedidoByIdSuccess" classname="br.com.fiap.postech.service_pedido.service.PedidoServiceImplTest" time="0.009"/>
  <testcase name="testFindAllPedidosEmpty" classname="br.com.fiap.postech.service_pedido.service.PedidoServiceImplTest" time="0.001"/>
</testsuite>